119,Alacritty.desktop
290,android-studio.desktop
423,arandr.desktop
210,audacity.desktop
1000,blender.desktop
1401,chromium.desktop
41,code-oss.desktop
1000,com.obsproject.Studio.desktop
996,cool-retro-term.desktop
42,discord.desktop
35,dosbox.desktop
551,dwarffortress.desktop
430,emacs.desktop
830,firefox-esr.desktop
730,firefox.desktop
370,firefoxdeveloperedition.desktop
26,gcolor2.desktop
2990,gimp.desktop
140,git-annex.desktop
51,gparted.desktop
58,gvim.desktop
101,htop.desktop
110,ipython.desktop
109,kitty.desktop
240,libreoffice-calc.desktop
5,libreoffice-writer.desktop
961,minecraft-launcher.desktop
4,monero-gui.desktop
19,mpv.desktop
3,neovide.desktop
3,nestopia.desktop
330,net.minetest.minetest.desktop
26,nl.hjdskes.gcolor3.desktop
44,nvim.desktop
5,org.flameshot.Flameshot.desktop
130,org.gnome.Meld.desktop
1110,org.inkscape.Inkscape.desktop
4,org.kde.kdenlive.desktop
240,org.musicbrainz.Picard.desktop
1,org.openmw.launcher.desktop
1841,org.qutebrowser.qutebrowser.desktop
26,org.telegram.desktop.desktop
1,qt5ct.desktop
2,redshift-gtk.desktop
611,screenkey.desktop
23,signal-desktop.desktop
816,steam.desktop
2,supertuxkart.desktop
301,teamspeak3.desktop
1712,tor-browser-en.desktop
2,urxvt-tabbed.desktop
450,urxvt.desktop
26,vim.desktop
26,virt-manager.desktop
25,vlc.desktop
4,xonotic-glx.desktop
1,xonotic-sdl.desktop
132,xterm.desktop
